C:\COMPUTER SCIENCE\CS499\WICKBERT\BIN\DEBUG\ISM.LIB
C:\COMPUTER SCIENCE\CS499\WICKBERT\BIN\DEBUG\ISM.PDB
C:\COMPUTER SCIENCE\CS499\WICKBERT\ISM\CMAKEFILES\GENERATE.STAMP
C:\Computer Science\CS499\Wickbert\ism\ism.dir\Debug\cl.command.1.tlog
C:\Computer Science\CS499\Wickbert\ism\ism.dir\Debug\CL.read.1.tlog
C:\Computer Science\CS499\Wickbert\ism\ism.dir\Debug\CL.write.1.tlog
C:\COMPUTER SCIENCE\CS499\WICKBERT\ISM\ISM.DIR\DEBUG\CONTOURCRITICAL.OBJ
C:\COMPUTER SCIENCE\CS499\WICKBERT\ISM\ISM.DIR\DEBUG\CONTOURCRITICALPOINTSGSL.OBJ
C:\COMPUTER SCIENCE\CS499\WICKBERT\ISM\ISM.DIR\DEBUG\CONTRACTORS.OBJ
C:\COMPUTER SCIENCE\CS499\WICKBERT\ISM\ISM.DIR\DEBUG\CRITICALMESH.OBJ
C:\Computer Science\CS499\Wickbert\ism\ism.dir\Debug\custombuild.command.1.tlog
C:\Computer Science\CS499\Wickbert\ism\ism.dir\Debug\custombuild.read.1.tlog
C:\Computer Science\CS499\Wickbert\ism\ism.dir\Debug\custombuild.write.1.tlog
C:\COMPUTER SCIENCE\CS499\WICKBERT\ISM\ISM.DIR\DEBUG\GAUSSJORDAN.OBJ
C:\Computer Science\CS499\Wickbert\ism\ism.dir\Debug\ism.write.1.tlog
C:\COMPUTER SCIENCE\CS499\WICKBERT\ISM\ISM.DIR\DEBUG\JACOBI.OBJ
C:\Computer Science\CS499\Wickbert\ism\ism.dir\Debug\lib.command.1.tlog
C:\Computer Science\CS499\Wickbert\ism\ism.dir\Debug\Lib-link.read.1.tlog
C:\Computer Science\CS499\Wickbert\ism\ism.dir\Debug\Lib-link.write.1.tlog
C:\COMPUTER SCIENCE\CS499\WICKBERT\ISM\ISM.DIR\DEBUG\NEWTON.OBJ
C:\COMPUTER SCIENCE\CS499\WICKBERT\ISM\ISM.DIR\DEBUG\NEWTONCLASSIFY.OBJ
C:\COMPUTER SCIENCE\CS499\WICKBERT\ISM\ISM.DIR\DEBUG\NEWTONCRITICAL.OBJ
C:\COMPUTER SCIENCE\CS499\WICKBERT\ISM\ISM.DIR\DEBUG\NEWTONDEGENERATE.OBJ
C:\COMPUTER SCIENCE\CS499\WICKBERT\ISM\ISM.DIR\DEBUG\SEARCHCRITICAL.OBJ
C:\COMPUTER SCIENCE\CS499\WICKBERT\ISM\ISM.DIR\DEBUG\SEARCHDEGENERATE.OBJ
C:\COMPUTER SCIENCE\CS499\WICKBERT\ISM\ISM.DIR\DEBUG\SINGULARITYCLASSIFICATION.OBJ
