C:\COMPUTER SCIENCE\CS499\WICKBERT\BIN\DEBUG\PARTICLES.LIB
C:\COMPUTER SCIENCE\CS499\WICKBERT\BIN\DEBUG\PARTICLES.PDB
C:\COMPUTER SCIENCE\CS499\WICKBERT\PARTICLES\CMAKEFILES\GENERATE.STAMP
C:\COMPUTER SCIENCE\CS499\WICKBERT\PARTICLES\PARTICLES.DIR\DEBUG\ACCELERATIONINTEGRATOR.OBJ
C:\COMPUTER SCIENCE\CS499\WICKBERT\PARTICLES\PARTICLES.DIR\DEBUG\ADAPTIVEREPULSIONDATA.OBJ
C:\COMPUTER SCIENCE\CS499\WICKBERT\PARTICLES\PARTICLES.DIR\DEBUG\ASYMMETRICREPULSION.OBJ
C:\Computer Science\CS499\Wickbert\Particles\Particles.dir\Debug\cl.command.1.tlog
C:\Computer Science\CS499\Wickbert\Particles\Particles.dir\Debug\CL.read.1.tlog
C:\Computer Science\CS499\Wickbert\Particles\Particles.dir\Debug\CL.write.1.tlog
C:\COMPUTER SCIENCE\CS499\WICKBERT\PARTICLES\PARTICLES.DIR\DEBUG\CONTOURS.OBJ
C:\COMPUTER SCIENCE\CS499\WICKBERT\PARTICLES\PARTICLES.DIR\DEBUG\COPYPARTICLE.OBJ
C:\COMPUTER SCIENCE\CS499\WICKBERT\PARTICLES\PARTICLES.DIR\DEBUG\CURVEADHESION.OBJ
C:\Computer Science\CS499\Wickbert\Particles\Particles.dir\Debug\custombuild.command.1.tlog
C:\Computer Science\CS499\Wickbert\Particles\Particles.dir\Debug\custombuild.read.1.tlog
C:\Computer Science\CS499\Wickbert\Particles\Particles.dir\Debug\custombuild.write.1.tlog
C:\COMPUTER SCIENCE\CS499\WICKBERT\PARTICLES\PARTICLES.DIR\DEBUG\DECARLOSUGGESTIVECONTOURADHESION.OBJ
C:\COMPUTER SCIENCE\CS499\WICKBERT\PARTICLES\PARTICLES.DIR\DEBUG\DUPLICATEPARTICLESALONGNORMAL.OBJ
C:\COMPUTER SCIENCE\CS499\WICKBERT\PARTICLES\PARTICLES.DIR\DEBUG\FACEORIENTATION.OBJ
C:\COMPUTER SCIENCE\CS499\WICKBERT\PARTICLES\PARTICLES.DIR\DEBUG\FACEPOSITION.OBJ
C:\COMPUTER SCIENCE\CS499\WICKBERT\PARTICLES\PARTICLES.DIR\DEBUG\FEATUREDETECTOR.OBJ
C:\COMPUTER SCIENCE\CS499\WICKBERT\PARTICLES\PARTICLES.DIR\DEBUG\FINDFIRSTINTERSECTIONWITHIMPLICITSSHADER.OBJ
C:\COMPUTER SCIENCE\CS499\WICKBERT\PARTICLES\PARTICLES.DIR\DEBUG\IMPLICITINTERROGATOR.OBJ
C:\COMPUTER SCIENCE\CS499\WICKBERT\PARTICLES\PARTICLES.DIR\DEBUG\IMPLICITINTERROGATORCACHED.OBJ
C:\COMPUTER SCIENCE\CS499\WICKBERT\PARTICLES\PARTICLES.DIR\DEBUG\INTERVALSUBDIVISION.OBJ
C:\COMPUTER SCIENCE\CS499\WICKBERT\PARTICLES\PARTICLES.DIR\DEBUG\KDPROPAGATION.OBJ
C:\COMPUTER SCIENCE\CS499\WICKBERT\PARTICLES\PARTICLES.DIR\DEBUG\KEEPINBOUNDS.OBJ
C:\Computer Science\CS499\Wickbert\Particles\Particles.dir\Debug\lib.command.1.tlog
C:\Computer Science\CS499\Wickbert\Particles\Particles.dir\Debug\Lib-link.read.1.tlog
C:\Computer Science\CS499\Wickbert\Particles\Particles.dir\Debug\Lib-link.write.1.tlog
C:\COMPUTER SCIENCE\CS499\WICKBERT\PARTICLES\PARTICLES.DIR\DEBUG\LIGHTPOSITION.OBJ
C:\COMPUTER SCIENCE\CS499\WICKBERT\PARTICLES\PARTICLES.DIR\DEBUG\MESHINTERROGATOR.OBJ
C:\COMPUTER SCIENCE\CS499\WICKBERT\PARTICLES\PARTICLES.DIR\DEBUG\NV_PBUFFER.OBJ
C:\COMPUTER SCIENCE\CS499\WICKBERT\PARTICLES\PARTICLES.DIR\DEBUG\OBJPOSITION.OBJ
C:\COMPUTER SCIENCE\CS499\WICKBERT\PARTICLES\PARTICLES.DIR\DEBUG\ORIENTPARTICLE.OBJ
C:\COMPUTER SCIENCE\CS499\WICKBERT\PARTICLES\PARTICLES.DIR\DEBUG\PARABOLICSADHESION.OBJ
C:\COMPUTER SCIENCE\CS499\WICKBERT\PARTICLES\PARTICLES.DIR\DEBUG\PARFILEMANAGER.OBJ
C:\COMPUTER SCIENCE\CS499\WICKBERT\PARTICLES\PARTICLES.DIR\DEBUG\PARTICLEACCELERATION.OBJ
C:\COMPUTER SCIENCE\CS499\WICKBERT\PARTICLES\PARTICLES.DIR\DEBUG\PARTICLEAGE.OBJ
C:\COMPUTER SCIENCE\CS499\WICKBERT\PARTICLES\PARTICLES.DIR\DEBUG\PARTICLEATTRIBUTE.OBJ
C:\COMPUTER SCIENCE\CS499\WICKBERT\PARTICLES\PARTICLES.DIR\DEBUG\PARTICLEBEHAVIOR.OBJ
C:\COMPUTER SCIENCE\CS499\WICKBERT\PARTICLES\PARTICLES.DIR\DEBUG\PARTICLEBOUNDINGBOX.OBJ
C:\COMPUTER SCIENCE\CS499\WICKBERT\PARTICLES\PARTICLES.DIR\DEBUG\PARTICLECREATION.OBJ
C:\COMPUTER SCIENCE\CS499\WICKBERT\PARTICLES\PARTICLES.DIR\DEBUG\PARTICLEDENSITY.OBJ
C:\COMPUTER SCIENCE\CS499\WICKBERT\PARTICLES\PARTICLES.DIR\DEBUG\PARTICLEDESIREDORIENTATION.OBJ
C:\COMPUTER SCIENCE\CS499\WICKBERT\PARTICLES\PARTICLES.DIR\DEBUG\PARTICLEEIGEN.OBJ
C:\COMPUTER SCIENCE\CS499\WICKBERT\PARTICLES\PARTICLES.DIR\DEBUG\PARTICLEFATE.OBJ
C:\COMPUTER SCIENCE\CS499\WICKBERT\PARTICLES\PARTICLES.DIR\DEBUG\PARTICLEFATECONTOUR.OBJ
C:\COMPUTER SCIENCE\CS499\WICKBERT\PARTICLES\PARTICLES.DIR\DEBUG\PARTICLELOCALITY.OBJ
C:\COMPUTER SCIENCE\CS499\WICKBERT\PARTICLES\PARTICLES.DIR\DEBUG\PARTICLELOCALITYGRID.OBJ
C:\COMPUTER SCIENCE\CS499\WICKBERT\PARTICLES\PARTICLES.DIR\DEBUG\PARTICLEMATERIAL.OBJ
C:\COMPUTER SCIENCE\CS499\WICKBERT\PARTICLES\PARTICLES.DIR\DEBUG\PARTICLEMESH.OBJ
C:\COMPUTER SCIENCE\CS499\WICKBERT\PARTICLES\PARTICLES.DIR\DEBUG\PARTICLENORMAL.OBJ
C:\COMPUTER SCIENCE\CS499\WICKBERT\PARTICLES\PARTICLES.DIR\DEBUG\PARTICLEORIENTATION.OBJ
C:\COMPUTER SCIENCE\CS499\WICKBERT\PARTICLES\PARTICLES.DIR\DEBUG\PARTICLEPOSITION.OBJ
C:\COMPUTER SCIENCE\CS499\WICKBERT\PARTICLES\PARTICLES.DIR\DEBUG\PARTICLEREPULSION.OBJ
C:\COMPUTER SCIENCE\CS499\WICKBERT\PARTICLES\PARTICLES.DIR\DEBUG\PARTICLEREPULSIONCONTOUR.OBJ
C:\COMPUTER SCIENCE\CS499\WICKBERT\PARTICLES\PARTICLES.DIR\DEBUG\PARTICLES.OBJ
C:\Computer Science\CS499\Wickbert\Particles\Particles.dir\Debug\Particles.write.1.tlog
C:\COMPUTER SCIENCE\CS499\WICKBERT\PARTICLES\PARTICLES.DIR\DEBUG\PARTICLESCALAR.OBJ
C:\COMPUTER SCIENCE\CS499\WICKBERT\PARTICLES\PARTICLES.DIR\DEBUG\PARTICLESHADER.OBJ
C:\COMPUTER SCIENCE\CS499\WICKBERT\PARTICLES\PARTICLES.DIR\DEBUG\PARTICLESHADERCYLINDER.OBJ
C:\COMPUTER SCIENCE\CS499\WICKBERT\PARTICLES\PARTICLES.DIR\DEBUG\PARTICLESHADERDISK.OBJ
C:\COMPUTER SCIENCE\CS499\WICKBERT\PARTICLES\PARTICLES.DIR\DEBUG\PARTICLESHADERDISKVISIBILITY.OBJ
C:\COMPUTER SCIENCE\CS499\WICKBERT\PARTICLES\PARTICLES.DIR\DEBUG\PARTICLESHADERGRADIENTFIELD.OBJ
C:\COMPUTER SCIENCE\CS499\WICKBERT\PARTICLES\PARTICLES.DIR\DEBUG\PARTICLESHADERLINK.OBJ
C:\COMPUTER SCIENCE\CS499\WICKBERT\PARTICLES\PARTICLES.DIR\DEBUG\PARTICLESHADERSPHERE.OBJ
C:\COMPUTER SCIENCE\CS499\WICKBERT\PARTICLES\PARTICLES.DIR\DEBUG\PARTICLESHADERTEXT.OBJ
C:\COMPUTER SCIENCE\CS499\WICKBERT\PARTICLES\PARTICLES.DIR\DEBUG\PARTICLESHADERTRIANGLE.OBJ
C:\COMPUTER SCIENCE\CS499\WICKBERT\PARTICLES\PARTICLES.DIR\DEBUG\PARTICLESHADERVORONOI.OBJ
C:\COMPUTER SCIENCE\CS499\WICKBERT\PARTICLES\PARTICLES.DIR\DEBUG\PARTICLESHADERVORONOIPHONG.OBJ
C:\COMPUTER SCIENCE\CS499\WICKBERT\PARTICLES\PARTICLES.DIR\DEBUG\PARTICLESTUFF.OBJ
C:\COMPUTER SCIENCE\CS499\WICKBERT\PARTICLES\PARTICLES.DIR\DEBUG\PARTICLESTUFFPARAMETERS.OBJ
C:\COMPUTER SCIENCE\CS499\WICKBERT\PARTICLES\PARTICLES.DIR\DEBUG\PARTICLESYSTEM.OBJ
C:\COMPUTER SCIENCE\CS499\WICKBERT\PARTICLES\PARTICLES.DIR\DEBUG\PARTICLEVALUEDEATH.OBJ
C:\COMPUTER SCIENCE\CS499\WICKBERT\PARTICLES\PARTICLES.DIR\DEBUG\PARTICLEVECTOR.OBJ
C:\COMPUTER SCIENCE\CS499\WICKBERT\PARTICLES\PARTICLES.DIR\DEBUG\PARTICLEVELOCITY.OBJ
C:\COMPUTER SCIENCE\CS499\WICKBERT\PARTICLES\PARTICLES.DIR\DEBUG\PARTICLEVISIBILITY.OBJ
C:\COMPUTER SCIENCE\CS499\WICKBERT\PARTICLES\PARTICLES.DIR\DEBUG\PSTOOLS.OBJ
C:\COMPUTER SCIENCE\CS499\WICKBERT\PARTICLES\PARTICLES.DIR\DEBUG\RAINBOW.OBJ
C:\COMPUTER SCIENCE\CS499\WICKBERT\PARTICLES\PARTICLES.DIR\DEBUG\SHADERANIMATION.OBJ
C:\COMPUTER SCIENCE\CS499\WICKBERT\PARTICLES\PARTICLES.DIR\DEBUG\SHADERBOUNDINGBOX.OBJ
C:\COMPUTER SCIENCE\CS499\WICKBERT\PARTICLES\PARTICLES.DIR\DEBUG\SHADERCONTOUR.OBJ
C:\COMPUTER SCIENCE\CS499\WICKBERT\PARTICLES\PARTICLES.DIR\DEBUG\SHADERCONTOURSIMPLE.OBJ
C:\COMPUTER SCIENCE\CS499\WICKBERT\PARTICLES\PARTICLES.DIR\DEBUG\SHADERDECARLOSUGGESTIVECONTOUR.OBJ
C:\COMPUTER SCIENCE\CS499\WICKBERT\PARTICLES\PARTICLES.DIR\DEBUG\SHADERINTERSECTIONCONTOUR.OBJ
C:\COMPUTER SCIENCE\CS499\WICKBERT\PARTICLES\PARTICLES.DIR\DEBUG\SHADERMESHRENDERER.OBJ
C:\COMPUTER SCIENCE\CS499\WICKBERT\PARTICLES\PARTICLES.DIR\DEBUG\SHADERPARABOLICSCONTOUR.OBJ
C:\COMPUTER SCIENCE\CS499\WICKBERT\PARTICLES\PARTICLES.DIR\DEBUG\SHADERPROCESSSURFACEEVENT.OBJ
C:\COMPUTER SCIENCE\CS499\WICKBERT\PARTICLES\PARTICLES.DIR\DEBUG\SHADERSHADOWCONTOUR.OBJ
C:\COMPUTER SCIENCE\CS499\WICKBERT\PARTICLES\PARTICLES.DIR\DEBUG\SHADERSILHOUETTECONTOUR.OBJ
C:\COMPUTER SCIENCE\CS499\WICKBERT\PARTICLES\PARTICLES.DIR\DEBUG\SHADERSILHOUETTESIMPLE.OBJ
C:\COMPUTER SCIENCE\CS499\WICKBERT\PARTICLES\PARTICLES.DIR\DEBUG\SHADERSPECULARCONTOUR.OBJ
C:\COMPUTER SCIENCE\CS499\WICKBERT\PARTICLES\PARTICLES.DIR\DEBUG\SHADERSUGGESTIVECONTOUR.OBJ
C:\COMPUTER SCIENCE\CS499\WICKBERT\PARTICLES\PARTICLES.DIR\DEBUG\SHADERSURFACEINTERROGATION.OBJ
C:\COMPUTER SCIENCE\CS499\WICKBERT\PARTICLES\PARTICLES.DIR\DEBUG\SHADOWADHESION.OBJ
C:\COMPUTER SCIENCE\CS499\WICKBERT\PARTICLES\PARTICLES.DIR\DEBUG\SHADOWDETECTOR.OBJ
C:\COMPUTER SCIENCE\CS499\WICKBERT\PARTICLES\PARTICLES.DIR\DEBUG\SHOWCELL.OBJ
C:\COMPUTER SCIENCE\CS499\WICKBERT\PARTICLES\PARTICLES.DIR\DEBUG\SILHOUETTEADHESION.OBJ
C:\COMPUTER SCIENCE\CS499\WICKBERT\PARTICLES\PARTICLES.DIR\DEBUG\SILHOUETTEDETECTOR.OBJ
C:\COMPUTER SCIENCE\CS499\WICKBERT\PARTICLES\PARTICLES.DIR\DEBUG\SINGULARITYADHESION.OBJ
C:\COMPUTER SCIENCE\CS499\WICKBERT\PARTICLES\PARTICLES.DIR\DEBUG\SINGULARITYREPULSION.OBJ
C:\COMPUTER SCIENCE\CS499\WICKBERT\PARTICLES\PARTICLES.DIR\DEBUG\SPECULARADHESION.OBJ
C:\COMPUTER SCIENCE\CS499\WICKBERT\PARTICLES\PARTICLES.DIR\DEBUG\SUGGESTIVECONTOURADHESION.OBJ
C:\COMPUTER SCIENCE\CS499\WICKBERT\PARTICLES\PARTICLES.DIR\DEBUG\SUGGESTIVECONTOURSTABILIZATION.OBJ
C:\COMPUTER SCIENCE\CS499\WICKBERT\PARTICLES\PARTICLES.DIR\DEBUG\SURFACEADHESION.OBJ
C:\COMPUTER SCIENCE\CS499\WICKBERT\PARTICLES\PARTICLES.DIR\DEBUG\SURFACEDEFORMATION.OBJ
C:\COMPUTER SCIENCE\CS499\WICKBERT\PARTICLES\PARTICLES.DIR\DEBUG\SURFACEINTERROGATOR.OBJ
C:\COMPUTER SCIENCE\CS499\WICKBERT\PARTICLES\PARTICLES.DIR\DEBUG\SURFACEPROPAGATION.OBJ
C:\COMPUTER SCIENCE\CS499\WICKBERT\PARTICLES\PARTICLES.DIR\DEBUG\SVD.OBJ
C:\COMPUTER SCIENCE\CS499\WICKBERT\PARTICLES\PARTICLES.DIR\DEBUG\TWOIMPLICITINTERSECTIONADHESION.OBJ
C:\COMPUTER SCIENCE\CS499\WICKBERT\PARTICLES\PARTICLES.DIR\DEBUG\UNIFORMDISTRIBUTION.OBJ
C:\COMPUTER SCIENCE\CS499\WICKBERT\PARTICLES\PARTICLES.DIR\DEBUG\USEMATERIAL.OBJ
C:\COMPUTER SCIENCE\CS499\WICKBERT\PARTICLES\PARTICLES.DIR\DEBUG\USEMATERIALSWITCH.OBJ
C:\COMPUTER SCIENCE\CS499\WICKBERT\PARTICLES\PARTICLES.DIR\DEBUG\VERTEXORIENTATION.OBJ
C:\COMPUTER SCIENCE\CS499\WICKBERT\PARTICLES\PARTICLES.DIR\DEBUG\VERTEXPOSITION.OBJ
C:\COMPUTER SCIENCE\CS499\WICKBERT\PARTICLES\PARTICLES.DIR\DEBUG\VERTEXSCALAR.OBJ
C:\COMPUTER SCIENCE\CS499\WICKBERT\PARTICLES\PARTICLES.DIR\DEBUG\VIEWDEPENDENCE.OBJ
C:\COMPUTER SCIENCE\CS499\WICKBERT\PARTICLES\PARTICLES.DIR\DEBUG\VISCOUSDYNAMICS.OBJ
