C:\COMPUTER SCIENCE\CS499\WICKBERT\BIN\DEBUG\SURFACE.LIB
C:\COMPUTER SCIENCE\CS499\WICKBERT\BIN\DEBUG\SURFACE.PDB
C:\COMPUTER SCIENCE\CS499\WICKBERT\SURFACE\CMAKEFILES\GENERATE.STAMP
C:\COMPUTER SCIENCE\CS499\WICKBERT\SURFACE\SURFACE.DIR\DEBUG\ADAPTIVECSRBF.OBJ
C:\COMPUTER SCIENCE\CS499\WICKBERT\SURFACE\SURFACE.DIR\DEBUG\ADAPTIVECSRBF_PRECOMP.OBJ
C:\COMPUTER SCIENCE\CS499\WICKBERT\SURFACE\SURFACE.DIR\DEBUG\ADF.OBJ
C:\COMPUTER SCIENCE\CS499\WICKBERT\SURFACE\SURFACE.DIR\DEBUG\AINTERSECTION.OBJ
C:\COMPUTER SCIENCE\CS499\WICKBERT\SURFACE\SURFACE.DIR\DEBUG\ALEXAIMPLICIT.OBJ
C:\COMPUTER SCIENCE\CS499\WICKBERT\SURFACE\SURFACE.DIR\DEBUG\ALGEBRAIC.OBJ
C:\COMPUTER SCIENCE\CS499\WICKBERT\SURFACE\SURFACE.DIR\DEBUG\ASUBTRACTION.OBJ
C:\COMPUTER SCIENCE\CS499\WICKBERT\SURFACE\SURFACE.DIR\DEBUG\AUNION.OBJ
C:\COMPUTER SCIENCE\CS499\WICKBERT\SURFACE\SURFACE.DIR\DEBUG\BINARYOP.OBJ
C:\COMPUTER SCIENCE\CS499\WICKBERT\SURFACE\SURFACE.DIR\DEBUG\BLEND.OBJ
C:\COMPUTER SCIENCE\CS499\WICKBERT\SURFACE\SURFACE.DIR\DEBUG\BLINN.OBJ
C:\COMPUTER SCIENCE\CS499\WICKBERT\SURFACE\SURFACE.DIR\DEBUG\BLOBBY.OBJ
C:\COMPUTER SCIENCE\CS499\WICKBERT\SURFACE\SURFACE.DIR\DEBUG\BOUNDINGVOLUME.OBJ
C:\COMPUTER SCIENCE\CS499\WICKBERT\SURFACE\SURFACE.DIR\DEBUG\BOX.OBJ
C:\COMPUTER SCIENCE\CS499\WICKBERT\SURFACE\SURFACE.DIR\DEBUG\CACHINGSPARSESCALARLATTICE.OBJ
C:\Computer Science\CS499\Wickbert\Surface\Surface.dir\Debug\cl.command.1.tlog
C:\Computer Science\CS499\Wickbert\Surface\Surface.dir\Debug\CL.read.1.tlog
C:\Computer Science\CS499\Wickbert\Surface\Surface.dir\Debug\CL.write.1.tlog
C:\COMPUTER SCIENCE\CS499\WICKBERT\SURFACE\SURFACE.DIR\DEBUG\CLUSTERMESH.OBJ
C:\COMPUTER SCIENCE\CS499\WICKBERT\SURFACE\SURFACE.DIR\DEBUG\COMPACTRBF.OBJ
C:\COMPUTER SCIENCE\CS499\WICKBERT\SURFACE\SURFACE.DIR\DEBUG\COMPLEMENT.OBJ
C:\COMPUTER SCIENCE\CS499\WICKBERT\SURFACE\SURFACE.DIR\DEBUG\CONE.OBJ
C:\COMPUTER SCIENCE\CS499\WICKBERT\SURFACE\SURFACE.DIR\DEBUG\CONVOLUTION.OBJ
C:\COMPUTER SCIENCE\CS499\WICKBERT\SURFACE\SURFACE.DIR\DEBUG\CSGINTERSECTION.OBJ
C:\COMPUTER SCIENCE\CS499\WICKBERT\SURFACE\SURFACE.DIR\DEBUG\CSGUNION.OBJ
C:\Computer Science\CS499\Wickbert\Surface\Surface.dir\Debug\custombuild.command.1.tlog
C:\Computer Science\CS499\Wickbert\Surface\Surface.dir\Debug\custombuild.read.1.tlog
C:\Computer Science\CS499\Wickbert\Surface\Surface.dir\Debug\custombuild.write.1.tlog
C:\COMPUTER SCIENCE\CS499\WICKBERT\SURFACE\SURFACE.DIR\DEBUG\CYLINDER.OBJ
C:\COMPUTER SCIENCE\CS499\WICKBERT\SURFACE\SURFACE.DIR\DEBUG\DIFFERENCE.OBJ
C:\COMPUTER SCIENCE\CS499\WICKBERT\SURFACE\SURFACE.DIR\DEBUG\DIRECTIONALDERIVATIVE.OBJ
C:\COMPUTER SCIENCE\CS499\WICKBERT\SURFACE\SURFACE.DIR\DEBUG\DISTANCEFIELD.OBJ
C:\COMPUTER SCIENCE\CS499\WICKBERT\SURFACE\SURFACE.DIR\DEBUG\ELLIPSOID.OBJ
C:\COMPUTER SCIENCE\CS499\WICKBERT\SURFACE\SURFACE.DIR\DEBUG\GMTNTCONVERT.OBJ
C:\COMPUTER SCIENCE\CS499\WICKBERT\SURFACE\SURFACE.DIR\DEBUG\GRADFDOTV.OBJ
C:\COMPUTER SCIENCE\CS499\WICKBERT\SURFACE\SURFACE.DIR\DEBUG\ICOSAHEDRAL.OBJ
C:\COMPUTER SCIENCE\CS499\WICKBERT\SURFACE\SURFACE.DIR\DEBUG\IMATRIX.OBJ
C:\COMPUTER SCIENCE\CS499\WICKBERT\SURFACE\SURFACE.DIR\DEBUG\IMPFILEMANAGER.OBJ
C:\COMPUTER SCIENCE\CS499\WICKBERT\SURFACE\SURFACE.DIR\DEBUG\IMPLICIT.OBJ
C:\COMPUTER SCIENCE\CS499\WICKBERT\SURFACE\SURFACE.DIR\DEBUG\IMPLIST.OBJ
C:\COMPUTER SCIENCE\CS499\WICKBERT\SURFACE\SURFACE.DIR\DEBUG\INTERFACERBF.OBJ
C:\COMPUTER SCIENCE\CS499\WICKBERT\SURFACE\SURFACE.DIR\DEBUG\INTERSECTION.OBJ
C:\COMPUTER SCIENCE\CS499\WICKBERT\SURFACE\SURFACE.DIR\DEBUG\ITKIMPLICIT.OBJ
C:\COMPUTER SCIENCE\CS499\WICKBERT\SURFACE\SURFACE.DIR\DEBUG\ITOA.OBJ
C:\COMPUTER SCIENCE\CS499\WICKBERT\SURFACE\SURFACE.DIR\DEBUG\KDOP.OBJ
C:\COMPUTER SCIENCE\CS499\WICKBERT\SURFACE\SURFACE.DIR\DEBUG\KOLLURIIMPLICIT.OBJ
C:\Computer Science\CS499\Wickbert\Surface\Surface.dir\Debug\lib.command.1.tlog
C:\Computer Science\CS499\Wickbert\Surface\Surface.dir\Debug\Lib-link.read.1.tlog
C:\Computer Science\CS499\Wickbert\Surface\Surface.dir\Debug\Lib-link.write.1.tlog
C:\COMPUTER SCIENCE\CS499\WICKBERT\SURFACE\SURFACE.DIR\DEBUG\MLSSURFACE.OBJ
C:\COMPUTER SCIENCE\CS499\WICKBERT\SURFACE\SURFACE.DIR\DEBUG\MOVER.OBJ
C:\COMPUTER SCIENCE\CS499\WICKBERT\SURFACE\SURFACE.DIR\DEBUG\MULTISCALECSRBF.OBJ
C:\COMPUTER SCIENCE\CS499\WICKBERT\SURFACE\SURFACE.DIR\DEBUG\OFFSET.OBJ
C:\COMPUTER SCIENCE\CS499\WICKBERT\SURFACE\SURFACE.DIR\DEBUG\OPENGL_UTILS.OBJ
C:\COMPUTER SCIENCE\CS499\WICKBERT\SURFACE\SURFACE.DIR\DEBUG\PARABOLICPOINTS.OBJ
C:\COMPUTER SCIENCE\CS499\WICKBERT\SURFACE\SURFACE.DIR\DEBUG\PLANE.OBJ
C:\COMPUTER SCIENCE\CS499\WICKBERT\SURFACE\SURFACE.DIR\DEBUG\POINT.OBJ
C:\COMPUTER SCIENCE\CS499\WICKBERT\SURFACE\SURFACE.DIR\DEBUG\POLYGONIZER.OBJ
C:\COMPUTER SCIENCE\CS499\WICKBERT\SURFACE\SURFACE.DIR\DEBUG\PRODUCT.OBJ
C:\COMPUTER SCIENCE\CS499\WICKBERT\SURFACE\SURFACE.DIR\DEBUG\PROJNORMIMPLICIT.OBJ
C:\COMPUTER SCIENCE\CS499\WICKBERT\SURFACE\SURFACE.DIR\DEBUG\QUADRIC.OBJ
C:\COMPUTER SCIENCE\CS499\WICKBERT\SURFACE\SURFACE.DIR\DEBUG\RADIALCURVATURE.OBJ
C:\COMPUTER SCIENCE\CS499\WICKBERT\SURFACE\SURFACE.DIR\DEBUG\RANDOMSTREAM.OBJ
C:\COMPUTER SCIENCE\CS499\WICKBERT\SURFACE\SURFACE.DIR\DEBUG\RBF.OBJ
C:\COMPUTER SCIENCE\CS499\WICKBERT\SURFACE\SURFACE.DIR\DEBUG\RBFBASICFUNCTIONSANDSELECTOR.OBJ
C:\COMPUTER SCIENCE\CS499\WICKBERT\SURFACE\SURFACE.DIR\DEBUG\RBFINTERPOLANT.OBJ
C:\COMPUTER SCIENCE\CS499\WICKBERT\SURFACE\SURFACE.DIR\DEBUG\RFUNCTION.OBJ
C:\COMPUTER SCIENCE\CS499\WICKBERT\SURFACE\SURFACE.DIR\DEBUG\ROTATEDIMPLICIT.OBJ
C:\COMPUTER SCIENCE\CS499\WICKBERT\SURFACE\SURFACE.DIR\DEBUG\SCALARLATTICE.OBJ
C:\COMPUTER SCIENCE\CS499\WICKBERT\SURFACE\SURFACE.DIR\DEBUG\SEGMENT.OBJ
C:\COMPUTER SCIENCE\CS499\WICKBERT\SURFACE\SURFACE.DIR\DEBUG\SIGNEDDISTANCETRANSFORM.OBJ
C:\COMPUTER SCIENCE\CS499\WICKBERT\SURFACE\SURFACE.DIR\DEBUG\SPARSESCALARLATTICE.OBJ
C:\COMPUTER SCIENCE\CS499\WICKBERT\SURFACE\SURFACE.DIR\DEBUG\SPECULARSURFACE.OBJ
C:\COMPUTER SCIENCE\CS499\WICKBERT\SURFACE\SURFACE.DIR\DEBUG\SPHERE.OBJ
C:\COMPUTER SCIENCE\CS499\WICKBERT\SURFACE\SURFACE.DIR\DEBUG\SUGGESTIVESURFACE.OBJ
C:\COMPUTER SCIENCE\CS499\WICKBERT\SURFACE\SURFACE.DIR\DEBUG\SUM.OBJ
C:\COMPUTER SCIENCE\CS499\WICKBERT\SURFACE\SURFACE.DIR\DEBUG\SURFACE.OBJ
C:\Computer Science\CS499\Wickbert\Surface\Surface.dir\Debug\Surface.write.1.tlog
C:\COMPUTER SCIENCE\CS499\WICKBERT\SURFACE\SURFACE.DIR\DEBUG\SURFLETCOMPACTRBF.OBJ
C:\COMPUTER SCIENCE\CS499\WICKBERT\SURFACE\SURFACE.DIR\DEBUG\SURFPARAM.OBJ
C:\COMPUTER SCIENCE\CS499\WICKBERT\SURFACE\SURFACE.DIR\DEBUG\THINPLATESPLINE.OBJ
C:\COMPUTER SCIENCE\CS499\WICKBERT\SURFACE\SURFACE.DIR\DEBUG\TORUS.OBJ
C:\COMPUTER SCIENCE\CS499\WICKBERT\SURFACE\SURFACE.DIR\DEBUG\TRIANGLE.OBJ
C:\COMPUTER SCIENCE\CS499\WICKBERT\SURFACE\SURFACE.DIR\DEBUG\TRIANGLEMESH2.OBJ
C:\COMPUTER SCIENCE\CS499\WICKBERT\SURFACE\SURFACE.DIR\DEBUG\TRIANGLENEARESTPOINT.OBJ
C:\COMPUTER SCIENCE\CS499\WICKBERT\SURFACE\SURFACE.DIR\DEBUG\TRIMESH.OBJ
C:\COMPUTER SCIENCE\CS499\WICKBERT\SURFACE\SURFACE.DIR\DEBUG\UNARYOP.OBJ
C:\COMPUTER SCIENCE\CS499\WICKBERT\SURFACE\SURFACE.DIR\DEBUG\UNION.OBJ
C:\COMPUTER SCIENCE\CS499\WICKBERT\SURFACE\SURFACE.DIR\DEBUG\VTKIMPLICIT.OBJ
C:\COMPUTER SCIENCE\CS499\WICKBERT\SURFACE\SURFACE.DIR\DEBUG\WYVILL.OBJ
C:\COMPUTER SCIENCE\CS499\WICKBERT\SURFACE\SURFACE.DIR\DEBUG\ZEROGAUSSIANCURVATURE.OBJ
