Build started 12/4/2011 3:51:02 PM.
     1>Project "C:\Computer Science\CS499\Wickbert\wxModeler\wxModeler.vcxproj" on node 3 (build target(s)).
     1>InitializeBuildStatus:
         Touching "wxModeler.dir\Debug\wxModeler.unsuccessfulbuild".
       CustomBuild:
         All outputs are up-to-date.
       ClCompile:
         All outputs are up-to-date.
       ManifestResourceCompile:
         All outputs are up-to-date.
       Link:
         c:\Program Files (x86)\Microsoft Visual Studio 10.0\VC\bin\link.exe /ERRORREPORT:PROMPT /OUT:"C:\Computer Science\CS499\Wickbert\bin\Debug\wxModeler.exe" /VERSION:"0.0" /INCREMENTAL /NOLOGO /LIBPATH:C:/wxWidgets/lib/vc_lib /LIBPATH:C:/wxWidgets/lib/vc_lib/Debug /LIBPATH:"C:/Program Files/OpenMesh/Win/msvc7/Core/Release" /LIBPATH:"C:/Program Files/OpenMesh/Win/msvc7/Core/Release/Debug" /LIBPATH:"C:/Computer Science/CS499/Wickbert/lib-release" /LIBPATH:"C:/Computer Science/CS499/Wickbert/lib-release/Debug" /LIBPATH:"C:/Computer Science/CS499/Wickbert/lib-debug" /LIBPATH:"C:/Computer Science/CS499/Wickbert/lib-debug/Debug" /LIBPATH:"C:/Program Files/OpenMesh/Win/msvc7/Core/Debug" /LIBPATH:"C:/Program Files/OpenMesh/Win/msvc7/Core/Debug/Debug" /LIBPATH:"C:/Computer Science/CS499/Wickbert/bin/Debug" /LIBPATH:"C:/Computer Science/CS499/Wickbert/bin/Debug/Debug" kernel32.lib user32.lib gdi32.lib winspool.lib shell32.lib ole32.lib oleaut32.lib uuid.lib comdlg32.lib advapi32.lib ..\bin\Debug\gm.lib ..\bin\Debug\ism.lib ..\bin\Debug\Surface.lib ..\bin\Debug\Particles.lib OpenMeshCored.lib libgsld.lib comctl32.lib wsock32.lib rpcrt4.lib wxbase28d.lib wxbase28d_net.lib wxbase28d_xml.lib wxmsw28d_adv.lib wxmsw28d_core.lib wxmsw28d_html.lib wxmsw28d_xrc.lib wxmsw28d_gl.lib wxregexd.lib wxexpatd.lib wxpngd.lib wxtiffd.lib wxjpegd.lib wxzlibd.lib /MANIFEST /ManifestFile:"wxModeler.dir\Debug\wxModeler.exe.intermediate.manifest" /MANIFESTUAC:"level='asInvoker' uiAccess='false'" /DEBUG /PDB:"C:\Computer Science\CS499\Wickbert\bin\Debug\wxModeler.pdb" /SUBSYSTEM:WINDOWS /STACK:"10000000" /TLBID:1 /DYNAMICBASE /NXCOMPAT /IMPLIB:"C:/Computer Science/CS499/Wickbert/bin/Debug/wxModeler.lib" /MACHINE:X86 wxModeler.dir\Debug\wxModeler.exe.embed.manifest.res
         wxModeler.dir\Debug\wxModeler.obj
         wxModeler.dir\Debug\DisplayWindow.obj
         wxModeler.dir\Debug\ParticleTree.obj
         wxModeler.dir\Debug\SurfaceTree.obj
         wxModeler.dir\Debug\LogFrame.obj
         wxModeler.dir\Debug\ClipartFrame.obj
         wxModeler.dir\Debug\dcsvg.obj
         wxModeler.dir\Debug\SVGshader.obj  /machine:X86 /debug 
     1>LogFrame.obj : error LNK2019: unresolved external symbol "class std::basic_ostream<char,struct std::char_traits<char> > & __cdecl operator<<(class std::basic_ostream<char,struct std::char_traits<char> > &,class wxString const &)" (??6@YAAAV?$basic_ostream@DU?$char_traits@D@std@@@std@@AAV01@ABVwxString@@@Z) referenced in function "public: void __thiscall LogFrame::OnSave(class wxCommandEvent &)" (?OnSave@LogFrame@@QAEXAAVwxCommandEvent@@@Z)
     1>libgsld.lib(svd.obj) : error LNK2019: unresolved external symbol __imp__hypot referenced in function _gsl_linalg_SV_decomp_jacobi
     1>libgsld.lib(householder.obj) : error LNK2001: unresolved external symbol __imp__hypot
     1>wxmsw28d_core.lib(appcmn.obj) : error LNK2001: unresolved external symbol "protected: virtual class wxString __thiscall wxAppTraitsBase::GetAssertStackTrace(void)" (?GetAssertStackTrace@wxAppTraitsBase@@MAE?AVwxString@@XZ)
     1>wxmsw28d_core.lib(listctrl.obj) : error LNK2001: unresolved external symbol "protected: virtual int __thiscall std::basic_streambuf<char,struct std::char_traits<char> >::showmanyc(void)" (?showmanyc@?$basic_streambuf@DU?$char_traits@D@std@@@std@@MAEHXZ)
     1>wxmsw28d_core.lib(textdlgg.obj) : error LNK2001: unresolved external symbol "protected: virtual int __thiscall std::basic_streambuf<char,struct std::char_traits<char> >::showmanyc(void)" (?showmanyc@?$basic_streambuf@DU?$char_traits@D@std@@@std@@MAEHXZ)
     1>wxmsw28d_core.lib(nativdlg.obj) : error LNK2001: unresolved external symbol "protected: virtual int __thiscall std::basic_streambuf<char,struct std::char_traits<char> >::showmanyc(void)" (?showmanyc@?$basic_streambuf@DU?$char_traits@D@std@@@std@@MAEHXZ)
     1>wxmsw28d_core.lib(textctrl.obj) : error LNK2001: unresolved external symbol "protected: virtual int __thiscall std::basic_streambuf<char,struct std::char_traits<char> >::showmanyc(void)" (?showmanyc@?$basic_streambuf@DU?$char_traits@D@std@@@std@@MAEHXZ)
     1>wxmsw28d_core.lib(logg.obj) : error LNK2001: unresolved external symbol "protected: virtual int __thiscall std::basic_streambuf<char,struct std::char_traits<char> >::showmanyc(void)" (?showmanyc@?$basic_streambuf@DU?$char_traits@D@std@@@std@@MAEHXZ)
     1>wxmsw28d_core.lib(treectrl.obj) : error LNK2001: unresolved external symbol "protected: virtual int __thiscall std::basic_streambuf<char,struct std::char_traits<char> >::showmanyc(void)" (?showmanyc@?$basic_streambuf@DU?$char_traits@D@std@@@std@@MAEHXZ)
     1>wxmsw28d_core.lib(listctrl.obj) : error LNK2001: unresolved external symbol "protected: virtual int __thiscall std::basic_streambuf<char,struct std::char_traits<char> >::xsgetn(char *,int)" (?xsgetn@?$basic_streambuf@DU?$char_traits@D@std@@@std@@MAEHPADH@Z)
     1>wxmsw28d_core.lib(textdlgg.obj) : error LNK2001: unresolved external symbol "protected: virtual int __thiscall std::basic_streambuf<char,struct std::char_traits<char> >::xsgetn(char *,int)" (?xsgetn@?$basic_streambuf@DU?$char_traits@D@std@@@std@@MAEHPADH@Z)
     1>wxmsw28d_core.lib(nativdlg.obj) : error LNK2001: unresolved external symbol "protected: virtual int __thiscall std::basic_streambuf<char,struct std::char_traits<char> >::xsgetn(char *,int)" (?xsgetn@?$basic_streambuf@DU?$char_traits@D@std@@@std@@MAEHPADH@Z)
     1>wxmsw28d_core.lib(textctrl.obj) : error LNK2001: unresolved external symbol "protected: virtual int __thiscall std::basic_streambuf<char,struct std::char_traits<char> >::xsgetn(char *,int)" (?xsgetn@?$basic_streambuf@DU?$char_traits@D@std@@@std@@MAEHPADH@Z)
     1>wxmsw28d_core.lib(logg.obj) : error LNK2001: unresolved external symbol "protected: virtual int __thiscall std::basic_streambuf<char,struct std::char_traits<char> >::xsgetn(char *,int)" (?xsgetn@?$basic_streambuf@DU?$char_traits@D@std@@@std@@MAEHPADH@Z)
     1>wxmsw28d_core.lib(treectrl.obj) : error LNK2001: unresolved external symbol "protected: virtual int __thiscall std::basic_streambuf<char,struct std::char_traits<char> >::xsgetn(char *,int)" (?xsgetn@?$basic_streambuf@DU?$char_traits@D@std@@@std@@MAEHPADH@Z)
     1>wxmsw28d_core.lib(listctrl.obj) : error LNK2001: unresolved external symbol "protected: virtual int __thiscall std::basic_streambuf<char,struct std::char_traits<char> >::_Xsgetn_s(char *,unsigned int,int)" (?_Xsgetn_s@?$basic_streambuf@DU?$char_traits@D@std@@@std@@MAEHPADIH@Z)
     1>wxmsw28d_core.lib(textdlgg.obj) : error LNK2001: unresolved external symbol "protected: virtual int __thiscall std::basic_streambuf<char,struct std::char_traits<char> >::_Xsgetn_s(char *,unsigned int,int)" (?_Xsgetn_s@?$basic_streambuf@DU?$char_traits@D@std@@@std@@MAEHPADIH@Z)
     1>wxmsw28d_core.lib(nativdlg.obj) : error LNK2001: unresolved external symbol "protected: virtual int __thiscall std::basic_streambuf<char,struct std::char_traits<char> >::_Xsgetn_s(char *,unsigned int,int)" (?_Xsgetn_s@?$basic_streambuf@DU?$char_traits@D@std@@@std@@MAEHPADIH@Z)
     1>wxmsw28d_core.lib(textctrl.obj) : error LNK2019: unresolved external symbol "protected: virtual int __thiscall std::basic_streambuf<char,struct std::char_traits<char> >::_Xsgetn_s(char *,unsigned int,int)" (?_Xsgetn_s@?$basic_streambuf@DU?$char_traits@D@std@@@std@@MAEHPADIH@Z) referenced in function "public: virtual bool __thiscall wxTextCtrl::GetStyle(long,class wxTextAttr &)" (?GetStyle@wxTextCtrl@@UAE_NJAAVwxTextAttr@@@Z)
     1>wxmsw28d_core.lib(logg.obj) : error LNK2001: unresolved external symbol "protected: virtual int __thiscall std::basic_streambuf<char,struct std::char_traits<char> >::_Xsgetn_s(char *,unsigned int,int)" (?_Xsgetn_s@?$basic_streambuf@DU?$char_traits@D@std@@@std@@MAEHPADIH@Z)
     1>wxmsw28d_core.lib(treectrl.obj) : error LNK2001: unresolved external symbol "protected: virtual int __thiscall std::basic_streambuf<char,struct std::char_traits<char> >::_Xsgetn_s(char *,unsigned int,int)" (?_Xsgetn_s@?$basic_streambuf@DU?$char_traits@D@std@@@std@@MAEHPADIH@Z)
     1>wxmsw28d_core.lib(listctrl.obj) : error LNK2001: unresolved external symbol "protected: virtual int __thiscall std::basic_streambuf<char,struct std::char_traits<char> >::xsputn(char const *,int)" (?xsputn@?$basic_streambuf@DU?$char_traits@D@std@@@std@@MAEHPBDH@Z)
     1>wxmsw28d_core.lib(textdlgg.obj) : error LNK2001: unresolved external symbol "protected: virtual int __thiscall std::basic_streambuf<char,struct std::char_traits<char> >::xsputn(char const *,int)" (?xsputn@?$basic_streambuf@DU?$char_traits@D@std@@@std@@MAEHPBDH@Z)
     1>wxmsw28d_core.lib(nativdlg.obj) : error LNK2001: unresolved external symbol "protected: virtual int __thiscall std::basic_streambuf<char,struct std::char_traits<char> >::xsputn(char const *,int)" (?xsputn@?$basic_streambuf@DU?$char_traits@D@std@@@std@@MAEHPBDH@Z)
     1>wxmsw28d_core.lib(textctrl.obj) : error LNK2001: unresolved external symbol "protected: virtual int __thiscall std::basic_streambuf<char,struct std::char_traits<char> >::xsputn(char const *,int)" (?xsputn@?$basic_streambuf@DU?$char_traits@D@std@@@std@@MAEHPBDH@Z)
     1>wxmsw28d_core.lib(logg.obj) : error LNK2001: unresolved external symbol "protected: virtual int __thiscall std::basic_streambuf<char,struct std::char_traits<char> >::xsputn(char const *,int)" (?xsputn@?$basic_streambuf@DU?$char_traits@D@std@@@std@@MAEHPBDH@Z)
     1>wxmsw28d_core.lib(treectrl.obj) : error LNK2001: unresolved external symbol "protected: virtual int __thiscall std::basic_streambuf<char,struct std::char_traits<char> >::xsputn(char const *,int)" (?xsputn@?$basic_streambuf@DU?$char_traits@D@std@@@std@@MAEHPBDH@Z)
     1>wxmsw28d_core.lib(listctrl.obj) : error LNK2019: unresolved external symbol "protected: virtual class std::fpos<int> __thiscall std::basic_streambuf<char,struct std::char_traits<char> >::seekoff(long,int,int)" (?seekoff@?$basic_streambuf@DU?$char_traits@D@std@@@std@@MAE?AV?$fpos@H@2@JHH@Z) referenced in function "public: __thiscall wxGDIObject::wxGDIObject(class wxGDIObject const &)" (??0wxGDIObject@@QAE@ABV0@@Z)
     1>wxmsw28d_core.lib(textdlgg.obj) : error LNK2001: unresolved external symbol "protected: virtual class std::fpos<int> __thiscall std::basic_streambuf<char,struct std::char_traits<char> >::seekoff(long,int,int)" (?seekoff@?$basic_streambuf@DU?$char_traits@D@std@@@std@@MAE?AV?$fpos@H@2@JHH@Z)
     1>wxmsw28d_core.lib(nativdlg.obj) : error LNK2001: unresolved external symbol "protected: virtual class std::fpos<int> __thiscall std::basic_streambuf<char,struct std::char_traits<char> >::seekoff(long,int,int)" (?seekoff@?$basic_streambuf@DU?$char_traits@D@std@@@std@@MAE?AV?$fpos@H@2@JHH@Z)
     1>wxmsw28d_core.lib(textctrl.obj) : error LNK2001: unresolved external symbol "protected: virtual class std::fpos<int> __thiscall std::basic_streambuf<char,struct std::char_traits<char> >::seekoff(long,int,int)" (?seekoff@?$basic_streambuf@DU?$char_traits@D@std@@@std@@MAE?AV?$fpos@H@2@JHH@Z)
     1>wxmsw28d_core.lib(logg.obj) : error LNK2001: unresolved external symbol "protected: virtual class std::fpos<int> __thiscall std::basic_streambuf<char,struct std::char_traits<char> >::seekoff(long,int,int)" (?seekoff@?$basic_streambuf@DU?$char_traits@D@std@@@std@@MAE?AV?$fpos@H@2@JHH@Z)
     1>wxmsw28d_core.lib(treectrl.obj) : error LNK2001: unresolved external symbol "protected: virtual class std::fpos<int> __thiscall std::basic_streambuf<char,struct std::char_traits<char> >::seekoff(long,int,int)" (?seekoff@?$basic_streambuf@DU?$char_traits@D@std@@@std@@MAE?AV?$fpos@H@2@JHH@Z)
     1>wxmsw28d_core.lib(listctrl.obj) : error LNK2001: unresolved external symbol "protected: virtual class std::basic_streambuf<char,struct std::char_traits<char> > * __thiscall std::basic_streambuf<char,struct std::char_traits<char> >::setbuf(char *,int)" (?setbuf@?$basic_streambuf@DU?$char_traits@D@std@@@std@@MAEPAV12@PADH@Z)
     1>wxmsw28d_core.lib(textdlgg.obj) : error LNK2001: unresolved external symbol "protected: virtual class std::basic_streambuf<char,struct std::char_traits<char> > * __thiscall std::basic_streambuf<char,struct std::char_traits<char> >::setbuf(char *,int)" (?setbuf@?$basic_streambuf@DU?$char_traits@D@std@@@std@@MAEPAV12@PADH@Z)
     1>wxmsw28d_core.lib(nativdlg.obj) : error LNK2001: unresolved external symbol "protected: virtual class std::basic_streambuf<char,struct std::char_traits<char> > * __thiscall std::basic_streambuf<char,struct std::char_traits<char> >::setbuf(char *,int)" (?setbuf@?$basic_streambuf@DU?$char_traits@D@std@@@std@@MAEPAV12@PADH@Z)
     1>wxmsw28d_core.lib(textctrl.obj) : error LNK2001: unresolved external symbol "protected: virtual class std::basic_streambuf<char,struct std::char_traits<char> > * __thiscall std::basic_streambuf<char,struct std::char_traits<char> >::setbuf(char *,int)" (?setbuf@?$basic_streambuf@DU?$char_traits@D@std@@@std@@MAEPAV12@PADH@Z)
     1>wxmsw28d_core.lib(logg.obj) : error LNK2001: unresolved external symbol "protected: virtual class std::basic_streambuf<char,struct std::char_traits<char> > * __thiscall std::basic_streambuf<char,struct std::char_traits<char> >::setbuf(char *,int)" (?setbuf@?$basic_streambuf@DU?$char_traits@D@std@@@std@@MAEPAV12@PADH@Z)
     1>wxmsw28d_core.lib(treectrl.obj) : error LNK2001: unresolved external symbol "protected: virtual class std::basic_streambuf<char,struct std::char_traits<char> > * __thiscall std::basic_streambuf<char,struct std::char_traits<char> >::setbuf(char *,int)" (?setbuf@?$basic_streambuf@DU?$char_traits@D@std@@@std@@MAEPAV12@PADH@Z)
     1>C:\Computer Science\CS499\Wickbert\bin\Debug\wxModeler.exe : fatal error LNK1120: 9 unresolved externals
     1>Done Building Project "C:\Computer Science\CS499\Wickbert\wxModeler\wxModeler.vcxproj" (build target(s)) -- FAILED.

Build FAILED.

Time Elapsed 00:00:04.13
